[2026-05-19T07:48:06.002Z] 🚀 GET APPROVED TEMPLATES API CALLED
================================================================================
[2026-05-19T07:48:07.855Z] ✅ Found 3 approved templates
================================================================================
[2026-05-19T07:49:06.070Z] 🚀 GET APPROVED TEMPLATES API CALLED
================================================================================
[2026-05-19T07:49:06.983Z] ✅ Found 3 approved templates
================================================================================
[2026-05-19T07:51:44.876Z] 🚀 GET APPROVED TEMPLATES API CALLED
================================================================================
[2026-05-19T07:51:45.639Z] ✅ Found 3 approved templates
================================================================================
[2026-05-19T07:52:07.515Z] 🚀 GET APPROVED TEMPLATES API CALLED
================================================================================
[2026-05-19T07:52:08.204Z] ✅ Found 3 approved templates
================================================================================
[2026-05-19T07:53:28.412Z] 🚀 GET APPROVED TEMPLATES API CALLED
================================================================================
[2026-05-19T07:53:29.248Z] ✅ Found 3 approved templates
================================================================================
[2026-05-19T07:53:32.160Z] 🚀 GET APPROVED TEMPLATES API CALLED
================================================================================
[2026-05-19T07:53:32.723Z] ✅ Found 3 approved templates
================================================================================
[2026-05-19T07:56:19.387Z] 🚀 GET APPROVED TEMPLATES API CALLED
================================================================================
[2026-05-19T07:56:20.008Z] ✅ Found 3 approved templates
================================================================================
[2026-05-19T07:56:49.521Z] 🚀 SEND TEMPLATE TO CUSTOMERS API CALLED
================================================================================
[2026-05-19T07:56:49.522Z] 📋 REQUEST BODY:
{
  "customers": [
    {
      "phone": "8401273528",
      "name": "Amaan Sodagar"
    }
  ],
  "templateName": "order",
  "language": "en",
  "parameters": []
}
================================================================================
[2026-05-19T07:56:49.525Z] 📤 Sending to 8401273528 (1/1)
================================================================================
[2026-05-19T07:56:51.975Z] ✅ New conversation created for: 8401273528
================================================================================
[2026-05-19T07:56:52.162Z] ✅ Sent to 8401273528
================================================================================
[2026-05-19T07:56:52.164Z] ✅ COMPLETED: Success: 1, Failed: 0
================================================================================
[2026-05-19T07:57:45.275Z] 🚀 GET APPROVED TEMPLATES API CALLED
================================================================================
[2026-05-19T07:57:46.061Z] ✅ Found 3 approved templates
================================================================================
[2026-05-19T08:00:40.644Z] 🚀 GET APPROVED TEMPLATES API CALLED
================================================================================
[2026-05-19T08:00:41.660Z] ✅ Found 3 approved templates
================================================================================
[2026-05-19T08:01:04.173Z] 🚀 SEND TEMPLATE TO CUSTOMERS API CALLED
================================================================================
[2026-05-19T08:01:04.174Z] 📋 REQUEST BODY:
{
  "customers": [
    {
      "phone": "8401273528",
      "name": "Amaan Sodagar"
    }
  ],
  "templateName": "order",
  "language": "en",
  "parameters": []
}
================================================================================
[2026-05-19T08:01:04.175Z] 📤 Sending to 8401273528 (1/1)
================================================================================
[2026-05-19T08:01:05.938Z] ✅ New conversation created for: 8401273528
================================================================================
[2026-05-19T08:01:06.094Z] ✅ Sent to 8401273528
================================================================================
[2026-05-19T08:01:06.096Z] ✅ COMPLETED: Success: 1, Failed: 0
================================================================================
[2026-05-19T09:26:59.101Z] 🚀 GET APPROVED TEMPLATES API CALLED
================================================================================
[2026-05-19T09:26:59.974Z] ✅ Found 3 approved templates
================================================================================
[2026-05-19T09:27:09.557Z] 🚀 SEND TEMPLATE TO CUSTOMERS API CALLED
================================================================================
[2026-05-19T09:27:09.557Z] 📋 REQUEST BODY:
{
  "customers": [
    {
      "phone": "8401273528",
      "name": "Amaan Sodagar"
    }
  ],
  "templateName": "order",
  "language": "en",
  "parameters": []
}
================================================================================
[2026-05-19T09:27:09.558Z] 📤 Sending to 8401273528 (1/1)
================================================================================
[2026-05-19T09:27:10.831Z] 🔥 CRITICAL ERROR: selectedTemplate is not defined
================================================================================
[2026-05-19T09:27:10.832Z] 📚 STACK: ReferenceError: selectedTemplate is not defined
    at D:\Techorses_Projects\jsss_crm\jass_crm_backend-mongodb\jass_crm_backend-mongo\routes\whatsapp\whatsappTemplateSend.js:182:39
    at process.processTicksAndRejections (node:internal/process/task_queues:105:5)
================================================================================
[2026-05-19T09:30:08.625Z] 🚀 GET APPROVED TEMPLATES API CALLED
================================================================================
[2026-05-19T09:30:09.210Z] ✅ Found 3 approved templates
================================================================================
[2026-05-19T09:30:20.310Z] 🚀 SEND TEMPLATE TO CUSTOMERS API CALLED
================================================================================
[2026-05-19T09:30:20.311Z] 📋 REQUEST BODY:
{
  "customers": [
    {
      "phone": "8401273528",
      "name": "Amaan Sodagar"
    }
  ],
  "templateName": "order",
  "language": "en",
  "parameters": []
}
================================================================================
[2026-05-19T09:30:20.313Z] 📤 Sending to 8401273528 (1/1)
================================================================================
[2026-05-19T09:30:21.440Z] ✅ Sent to 8401273528
================================================================================
[2026-05-19T09:30:21.441Z] ✅ COMPLETED: Success: 1, Failed: 0
================================================================================
[2026-05-19T10:56:37.764Z] 🚀 GET APPROVED TEMPLATES API CALLED
================================================================================
[2026-05-19T10:56:38.521Z] ✅ Found 5 approved templates
================================================================================
[2026-05-19T10:59:51.453Z] 🚀 SEND TEMPLATE TO CUSTOMERS API CALLED
================================================================================
[2026-05-19T10:59:51.454Z] 📋 REQUEST BODY:
{
  "customers": [
    {
      "phone": "6352272575",
      "name": "Meet"
    }
  ],
  "templateName": "new_testing",
  "language": "en",
  "parameters": []
}
================================================================================
[2026-05-19T10:59:51.456Z] 📤 Sending to 6352272575 (1/1)
================================================================================
[2026-05-19T10:59:52.494Z] ❌ Failed to send to 6352272575: {"error":{"message":"(#132012) Parameter format does not match format in the created template","code":132012,"type":"OAuthException","error_data":{"messaging_product":"whatsapp","details":"header: Format mismatch, expected IMAGE, received UNKNOWN"},"fbtrace_id":"AJHrhv0ZMRZfAjghTCXw9VV"}}
================================================================================
[2026-05-19T10:59:52.495Z] ✅ COMPLETED: Success: 0, Failed: 1
================================================================================
[2026-05-19T11:03:51.820Z] 🚀 GET APPROVED TEMPLATES API CALLED
================================================================================
[2026-05-19T11:03:52.507Z] ✅ Found 5 approved templates
================================================================================
[2026-05-19T11:04:01.570Z] 🚀 GET APPROVED TEMPLATES API CALLED
================================================================================
[2026-05-19T11:04:02.160Z] ✅ Found 5 approved templates
================================================================================
[2026-05-19T11:04:10.502Z] 🚀 GET APPROVED TEMPLATES API CALLED
================================================================================
[2026-05-19T11:04:11.187Z] ✅ Found 5 approved templates
================================================================================
[2026-05-19T11:24:56.489Z] 🚀 GET APPROVED TEMPLATES API CALLED
================================================================================
[2026-05-19T11:24:56.943Z] ✅ Found 3 approved templates
================================================================================
[2026-05-19T11:25:16.104Z] 🚀 GET APPROVED TEMPLATES API CALLED
================================================================================
[2026-05-19T11:25:16.502Z] ✅ Found 4 approved templates
================================================================================
[2026-05-19T11:27:28.738Z] 🚀 GET APPROVED TEMPLATES API CALLED
================================================================================
[2026-05-19T11:27:29.408Z] 📸 Attached media handle to th_test: 4:w5DCpMOQwr7DkMK9LmpwZw==:aW1hZ2UvanBlZw==:ARb89Rsj27y-5V1sO2I9LEwDRpCrG9yez4QbdRL4EpOWf-20zU_F4p5GeWAktZNFJJRCP9TyiqAuOOlcGNmuyKNE4KSEV48_JY7mgU2t2BzsAQ:e:1779535373:1351699463683696:61589707094577:ARbNDkWxc-0Ce2LW-AI
================================================================================
[2026-05-19T11:27:29.477Z] ✅ Found 4 approved templates
================================================================================
[2026-05-19T11:27:40.828Z] 🚀 GET APPROVED TEMPLATES API CALLED
================================================================================
[2026-05-19T11:27:41.415Z] 📸 Attached media handle to th_test: 4:w5DCpMOQwr7DkMK9LmpwZw==:aW1hZ2UvanBlZw==:ARb89Rsj27y-5V1sO2I9LEwDRpCrG9yez4QbdRL4EpOWf-20zU_F4p5GeWAktZNFJJRCP9TyiqAuOOlcGNmuyKNE4KSEV48_JY7mgU2t2BzsAQ:e:1779535373:1351699463683696:61589707094577:ARbNDkWxc-0Ce2LW-AI
================================================================================
[2026-05-19T11:27:41.502Z] ✅ Found 4 approved templates
================================================================================
[2026-05-19T11:28:02.355Z] 🚀 SEND TEMPLATE TO CUSTOMERS API CALLED
================================================================================
[2026-05-19T11:28:02.356Z] 📋 REQUEST BODY:
{
  "customers": [
    {
      "phone": "6352272575",
      "name": "Meet"
    }
  ],
  "templateName": "th_test",
  "language": "en",
  "parameters": [],
  "headerParameter": "4:w5DCpMOQwr7DkMK9LmpwZw==:aW1hZ2UvanBlZw==:ARb89Rsj27y-5V1sO2I9LEwDRpCrG9yez4QbdRL4EpOWf-20zU_F4p5GeWAktZNFJJRCP9TyiqAuOOlcGNmuyKNE4KSEV48_JY7mgU2t2BzsAQ:e:1779535373:1351699463683696:61589707094577:ARbNDkWxc-0Ce2LW-AI"
}
================================================================================
[2026-05-19T11:28:02.391Z] 📸 Auto-retrieved media handle for template th_test: 4:w5DCpMOQwr7DkMK9LmpwZw==:aW1hZ2UvanBlZw==:ARb89Rsj27y-5V1sO2I9LEwDRpCrG9yez4QbdRL4EpOWf-20zU_F4p5GeWAktZNFJJRCP9TyiqAuOOlcGNmuyKNE4KSEV48_JY7mgU2t2BzsAQ:e:1779535373:1351699463683696:61589707094577:ARbNDkWxc-0Ce2LW-AI
================================================================================
[2026-05-19T11:28:02.392Z] 📤 Sending to 6352272575 (1/1)
================================================================================
[2026-05-19T11:28:02.816Z] ❌ Failed to send to 6352272575: {"error":{"message":"(#100) Param template.components.parameters.image.link is not a valid URI.","code":100,"type":"OAuthException","fbtrace_id":"ADbme_iQXBnGGBy-A4yE3K4"}}
================================================================================
[2026-05-19T11:28:02.816Z] ✅ COMPLETED: Success: 0, Failed: 1
================================================================================
[2026-05-19T11:35:08.933Z] 🚀 GET APPROVED TEMPLATES API CALLED
================================================================================
[2026-05-19T11:35:09.598Z] 📸 Attached media handle to th_test: 4:w5DCpMOQwr7DkMK9LmpwZw==:aW1hZ2UvanBlZw==:ARb89Rsj27y-5V1sO2I9LEwDRpCrG9yez4QbdRL4EpOWf-20zU_F4p5GeWAktZNFJJRCP9TyiqAuOOlcGNmuyKNE4KSEV48_JY7mgU2t2BzsAQ:e:1779535373:1351699463683696:61589707094577:ARbNDkWxc-0Ce2LW-AI
================================================================================
[2026-05-19T11:35:09.678Z] ✅ Found 4 approved templates
================================================================================
[2026-05-19T11:35:17.808Z] 🚀 SEND TEMPLATE TO CUSTOMERS API CALLED
================================================================================
[2026-05-19T11:35:17.809Z] 📋 REQUEST BODY:
{
  "customers": [
    {
      "phone": "6352272575",
      "name": "Meet"
    }
  ],
  "templateName": "th_test",
  "language": "en",
  "parameters": [],
  "headerParameter": "4:w5DCpMOQwr7DkMK9LmpwZw==:aW1hZ2UvanBlZw==:ARb89Rsj27y-5V1sO2I9LEwDRpCrG9yez4QbdRL4EpOWf-20zU_F4p5GeWAktZNFJJRCP9TyiqAuOOlcGNmuyKNE4KSEV48_JY7mgU2t2BzsAQ:e:1779535373:1351699463683696:61589707094577:ARbNDkWxc-0Ce2LW-AI"
}
================================================================================
[2026-05-19T11:35:17.835Z] 📸 Auto-retrieved media handle for template th_test: 4:w5DCpMOQwr7DkMK9LmpwZw==:aW1hZ2UvanBlZw==:ARb89Rsj27y-5V1sO2I9LEwDRpCrG9yez4QbdRL4EpOWf-20zU_F4p5GeWAktZNFJJRCP9TyiqAuOOlcGNmuyKNE4KSEV48_JY7mgU2t2BzsAQ:e:1779535373:1351699463683696:61589707094577:ARbNDkWxc-0Ce2LW-AI
================================================================================
[2026-05-19T11:35:17.835Z] 📤 Sending to 6352272575 (1/1)
================================================================================
[2026-05-19T11:35:18.152Z] ❌ Failed to send to 6352272575: {"error":{"message":"Your request has violated JSON schema constraint 'type' for the JSON field 'template.components.0.parameters.0.image.id', please check the JSON schema for the JSON field 'template.components.0.parameters.0.image.id' and make sure your request is valid for expected : '[integer, null]'","code":100,"type":"OAuthException","fbtrace_id":"AEMFJAF-sidn6WgvvYqXsJs"}}
================================================================================
[2026-05-19T11:35:18.153Z] ✅ COMPLETED: Success: 0, Failed: 1
================================================================================
[2026-05-19T11:53:14.806Z] 🚀 GET APPROVED TEMPLATES API CALLED
================================================================================
[2026-05-19T11:53:15.463Z] ✅ Found 4 approved templates
================================================================================
[2026-05-19T12:00:05.033Z] 🚀 GET APPROVED TEMPLATES API CALLED
================================================================================
[2026-05-19T12:00:05.693Z] ✅ Found 4 approved templates
================================================================================
[2026-05-19T12:00:19.461Z] 🚀 GET APPROVED TEMPLATES API CALLED
================================================================================
[2026-05-19T12:00:20.008Z] ✅ Found 4 approved templates
================================================================================
[2026-05-19T12:00:33.490Z] 🚀 GET APPROVED TEMPLATES API CALLED
================================================================================
[2026-05-19T12:00:34.039Z] ✅ Found 4 approved templates
================================================================================
[2026-05-19T12:00:45.304Z] 🚀 SEND TEMPLATE TO CUSTOMERS API CALLED
================================================================================
[2026-05-19T12:00:45.305Z] 📋 REQUEST BODY:
{
  "customers": [
    {
      "phone": "6352272575",
      "name": "Meet"
    }
  ],
  "templateName": "techorses",
  "language": "en",
  "parameters": [],
  "headerParameter": "26886450747631251"
}
================================================================================
[2026-05-19T12:00:45.326Z] 📤 Sending to 6352272575 (1/1)
================================================================================
[2026-05-19T12:00:45.786Z] ❌ Failed to send to 6352272575: {"error":{"message":"(#132012) Parameter format does not match format in the created template","code":132012,"type":"OAuthException","error_data":{"messaging_product":"whatsapp","details":"header: Format mismatch, expected IMAGE, received UNKNOWN"},"fbtrace_id":"AXJSBL3tE0OrluKd9IcPcjh"}}
================================================================================
[2026-05-19T12:00:45.787Z] ✅ COMPLETED: Success: 0, Failed: 1
================================================================================
[2026-05-19T12:15:39.990Z] 🚀 GET APPROVED TEMPLATES API CALLED
================================================================================
[2026-05-19T12:15:40.604Z] ✅ Found 4 approved templates
================================================================================
[2026-05-19T12:37:52.241Z] 🚀 GET APPROVED TEMPLATES API CALLED
================================================================================
[2026-05-19T12:37:53.070Z] 📸 Attached image URL to testing2: http://localhost:3037/uploads/wa_1779193498155.jpeg
================================================================================
[2026-05-19T12:37:53.206Z] ✅ Found 3 approved templates
================================================================================
[2026-05-19T12:38:12.428Z] 🚀 SEND TEMPLATE TO CUSTOMERS API CALLED
================================================================================
[2026-05-19T12:38:12.430Z] 📋 REQUEST BODY:
{
  "customers": [
    {
      "phone": "6352272575",
      "name": "Meet"
    }
  ],
  "templateName": "testing2",
  "language": "en",
  "parameters": [],
  "headerParameter": "2083050422626616"
}
================================================================================
[2026-05-19T12:38:12.507Z] 📸 Auto-retrieved image URL for template testing2: http://localhost:3037/uploads/wa_1779193498155.jpeg
================================================================================
[2026-05-19T12:38:12.508Z] 📤 Sending to 6352272575 (1/1)
================================================================================
[2026-05-19T12:38:13.707Z] ✅ New conversation created for: 6352272575
================================================================================
[2026-05-19T12:38:13.846Z] ✅ Sent to 6352272575
================================================================================
[2026-05-19T12:38:13.848Z] ✅ COMPLETED: Success: 1, Failed: 0
================================================================================
[2026-05-19T12:39:06.085Z] 🚀 GET APPROVED TEMPLATES API CALLED
================================================================================
[2026-05-19T12:39:06.858Z] 📸 Attached image URL to testing2: http://localhost:3037/uploads/wa_1779193498155.jpeg
================================================================================
[2026-05-19T12:39:06.984Z] ✅ Found 3 approved templates
================================================================================
[2026-05-19T12:39:17.312Z] 🚀 SEND TEMPLATE TO CUSTOMERS API CALLED
================================================================================
[2026-05-19T12:39:17.406Z] 📋 REQUEST BODY:
{
  "customers": [
    {
      "phone": "6352272575",
      "name": "Meet"
    }
  ],
  "templateName": "testing2",
  "language": "en",
  "parameters": [],
  "headerParameter": "2083050422626616"
}
================================================================================
[2026-05-19T12:39:17.478Z] 📸 Auto-retrieved image URL for template testing2: http://localhost:3037/uploads/wa_1779193498155.jpeg
================================================================================
[2026-05-19T12:39:17.479Z] 📤 Sending to 6352272575 (1/1)
================================================================================
[2026-05-19T12:39:18.818Z] ✅ Sent to 6352272575
================================================================================
[2026-05-19T12:39:18.819Z] ✅ COMPLETED: Success: 1, Failed: 0
================================================================================
[2026-05-19T12:39:31.891Z] 🚀 GET APPROVED TEMPLATES API CALLED
================================================================================
[2026-05-19T12:39:32.650Z] 📸 Attached image URL to testing2: http://localhost:3037/uploads/wa_1779193498155.jpeg
================================================================================
[2026-05-19T12:39:32.773Z] ✅ Found 3 approved templates
================================================================================
[2026-05-19T12:39:47.967Z] 🚀 SEND TEMPLATE TO CUSTOMERS API CALLED
================================================================================
[2026-05-19T12:39:47.968Z] 📋 REQUEST BODY:
{
  "customers": [
    {
      "phone": "8401273528",
      "name": "Amaan Sodagar"
    }
  ],
  "templateName": "testing2",
  "language": "en",
  "parameters": [],
  "headerParameter": "2083050422626616"
}
================================================================================
[2026-05-19T12:39:48.022Z] 📸 Auto-retrieved image URL for template testing2: http://localhost:3037/uploads/wa_1779193498155.jpeg
================================================================================
[2026-05-19T12:39:48.023Z] 📤 Sending to 8401273528 (1/1)
================================================================================
[2026-05-19T12:39:49.407Z] ✅ Sent to 8401273528
================================================================================
[2026-05-19T12:39:49.408Z] ✅ COMPLETED: Success: 1, Failed: 0
================================================================================
[2026-05-19T12:40:50.171Z] 🚀 GET APPROVED TEMPLATES API CALLED
================================================================================
[2026-05-19T12:40:50.802Z] 📸 Attached image URL to testing2: http://localhost:3037/uploads/wa_1779193498155.jpeg
================================================================================
[2026-05-19T12:40:50.910Z] ✅ Found 3 approved templates
================================================================================
[2026-05-19T12:40:59.780Z] 🚀 SEND TEMPLATE TO CUSTOMERS API CALLED
================================================================================
[2026-05-19T12:40:59.781Z] 📋 REQUEST BODY:
{
  "customers": [
    {
      "phone": "6352272575",
      "name": "Meet"
    }
  ],
  "templateName": "jass",
  "language": "en",
  "parameters": []
}
================================================================================
[2026-05-19T12:40:59.840Z] 📤 Sending to 6352272575 (1/1)
================================================================================
[2026-05-19T12:41:01.044Z] ✅ Sent to 6352272575
================================================================================
[2026-05-19T12:41:01.046Z] ✅ COMPLETED: Success: 1, Failed: 0
================================================================================
[2026-05-19T12:49:50.922Z] 🚀 GET APPROVED TEMPLATES API CALLED
================================================================================
[2026-05-19T12:49:51.760Z] 📸 Attached image URL to testing2: http://localhost:3037/uploads/wa_1779193498155.jpeg
================================================================================
[2026-05-19T12:49:51.864Z] ✅ Found 3 approved templates
================================================================================
[2026-05-19T12:52:28.867Z] 🚀 GET APPROVED TEMPLATES API CALLED
================================================================================
[2026-05-19T12:52:29.564Z] 📸 Attached image URL to testing2: http://localhost:3037/uploads/wa_1779193498155.jpeg
================================================================================
[2026-05-19T12:52:29.669Z] ✅ Found 3 approved templates
================================================================================
[2026-05-19T12:57:37.882Z] 🚀 GET APPROVED TEMPLATES API CALLED
================================================================================
[2026-05-19T12:57:38.642Z] 📸 Attached image URL to testing3: http://localhost:3037/uploads/wa_1779195183899.jpeg
================================================================================
[2026-05-19T12:57:38.643Z] 🆔 Attached Media ID to testing3: 1791949775104776
================================================================================
[2026-05-19T12:57:38.669Z] 📸 Attached image URL to testing2: http://localhost:3037/uploads/wa_1779193498155.jpeg
================================================================================
[2026-05-19T12:57:38.670Z] 🆔 Attached Media ID to testing2: 2083050422626616
================================================================================
[2026-05-19T12:57:38.717Z] ✅ Found 4 approved templates
================================================================================
[2026-05-19T12:57:57.592Z] 🚀 SEND TEMPLATE TO CUSTOMERS API CALLED
================================================================================
[2026-05-19T12:57:57.593Z] 📋 REQUEST BODY:
{
  "customers": [
    {
      "phone": "8401273528",
      "name": "Amaan Sodagar"
    }
  ],
  "templateName": "testing3",
  "language": "en",
  "parameters": [],
  "headerParameter": "1791949775104776"
}
================================================================================
[2026-05-19T12:57:57.594Z] 📸 Using custom header parameter: 1791949775104776
================================================================================
[2026-05-19T12:57:57.594Z] 📤 Sending to 918401273528 (1/1)
================================================================================
[2026-05-19T12:57:58.814Z] ✅ Sent to 918401273528
================================================================================
[2026-05-19T12:57:58.815Z] ✅ COMPLETED: Success: 1, Failed: 0
================================================================================
[2026-05-19T12:58:54.938Z] 🚀 GET APPROVED TEMPLATES API CALLED
================================================================================
[2026-05-19T12:58:55.511Z] 📸 Attached image URL to testing3: http://localhost:3037/uploads/wa_1779195183899.jpeg
================================================================================
[2026-05-19T12:58:55.512Z] 🆔 Attached Media ID to testing3: 1791949775104776
================================================================================
[2026-05-19T12:58:55.538Z] 📸 Attached image URL to testing2: http://localhost:3037/uploads/wa_1779193498155.jpeg
================================================================================
[2026-05-19T12:58:55.539Z] 🆔 Attached Media ID to testing2: 2083050422626616
================================================================================
[2026-05-19T12:58:55.586Z] ✅ Found 4 approved templates
================================================================================
[2026-05-19T12:59:05.840Z] 🚀 SEND TEMPLATE TO CUSTOMERS API CALLED
================================================================================
[2026-05-19T12:59:05.841Z] 📋 REQUEST BODY:
{
  "customers": [
    {
      "phone": "6352272575",
      "name": "Meet"
    }
  ],
  "templateName": "testing3",
  "language": "en",
  "parameters": [],
  "headerParameter": "1791949775104776"
}
================================================================================
[2026-05-19T12:59:05.842Z] 📸 Using custom header parameter: 1791949775104776
================================================================================
[2026-05-19T12:59:05.843Z] 📤 Sending to 916352272575 (1/1)
================================================================================
[2026-05-19T12:59:06.949Z] ✅ Sent to 916352272575
================================================================================
[2026-05-19T12:59:06.949Z] ✅ COMPLETED: Success: 1, Failed: 0
================================================================================
[2026-05-20T05:16:27.689Z] 🚀 GET APPROVED TEMPLATES API CALLED
================================================================================
[2026-05-20T05:16:30.015Z] 📸 Attached image URL to meet: https://jass.techorses.com/uploads/wa_1779196324535.jpg
================================================================================
[2026-05-20T05:16:30.016Z] 🆔 Attached Media ID to meet: 1498863118550469
================================================================================
[2026-05-20T05:16:30.064Z] 📸 Attached image URL to testing3: http://localhost:3037/uploads/wa_1779195183899.jpeg
================================================================================
[2026-05-20T05:16:30.065Z] 🆔 Attached Media ID to testing3: 1791949775104776
================================================================================
[2026-05-20T05:16:30.098Z] 📸 Attached image URL to testing2: http://localhost:3037/uploads/wa_1779193498155.jpeg
================================================================================
[2026-05-20T05:16:30.099Z] 🆔 Attached Media ID to testing2: 2083050422626616
================================================================================
[2026-05-20T05:16:30.183Z] ✅ Found 5 approved templates
================================================================================
[2026-05-20T05:30:51.176Z] 🚀 GET APPROVED TEMPLATES API CALLED
================================================================================
[2026-05-20T05:30:52.237Z] 📸 Attached image URL to 20may_test2: http://localhost:3037/uploads/wa_1779254790779.mp4
================================================================================
[2026-05-20T05:30:52.237Z] 🆔 Attached Media ID to 20may_test2: 2447768995686288
================================================================================
[2026-05-20T05:30:52.270Z] 📸 Attached image URL to 20may_test1: http://localhost:3037/uploads/wa_1779254385873.mp4
================================================================================
[2026-05-20T05:30:52.271Z] 🆔 Attached Media ID to 20may_test1: 958283143684340
================================================================================
[2026-05-20T05:30:52.297Z] 📸 Attached image URL to meet: https://jass.techorses.com/uploads/wa_1779196324535.jpg
================================================================================
[2026-05-20T05:30:52.298Z] 🆔 Attached Media ID to meet: 1498863118550469
================================================================================
[2026-05-20T05:30:52.328Z] 📸 Attached image URL to testing3: http://localhost:3037/uploads/wa_1779195183899.jpeg
================================================================================
[2026-05-20T05:30:52.329Z] 🆔 Attached Media ID to testing3: 1791949775104776
================================================================================
[2026-05-20T05:30:52.357Z] 📸 Attached image URL to testing2: http://localhost:3037/uploads/wa_1779193498155.jpeg
================================================================================
[2026-05-20T05:30:52.358Z] 🆔 Attached Media ID to testing2: 2083050422626616
================================================================================
[2026-05-20T05:30:52.411Z] ✅ Found 7 approved templates
================================================================================
[2026-05-20T05:35:21.121Z] 🚀 GET APPROVED TEMPLATES API CALLED
================================================================================
[2026-05-20T05:35:21.793Z] 📸 Attached image URL to 20may_test2: http://localhost:3037/uploads/wa_1779254790779.mp4
================================================================================
[2026-05-20T05:35:21.795Z] 🆔 Attached Media ID to 20may_test2: 2447768995686288
================================================================================
[2026-05-20T05:35:21.830Z] 📸 Attached image URL to 20may_test1: http://localhost:3037/uploads/wa_1779254385873.mp4
================================================================================
[2026-05-20T05:35:21.842Z] 🆔 Attached Media ID to 20may_test1: 958283143684340
================================================================================
[2026-05-20T05:35:21.884Z] 📸 Attached image URL to meet: https://jass.techorses.com/uploads/wa_1779196324535.jpg
================================================================================
[2026-05-20T05:35:21.886Z] 🆔 Attached Media ID to meet: 1498863118550469
================================================================================
[2026-05-20T05:35:21.915Z] 📸 Attached image URL to testing3: http://localhost:3037/uploads/wa_1779195183899.jpeg
================================================================================
[2026-05-20T05:35:21.922Z] 🆔 Attached Media ID to testing3: 1791949775104776
================================================================================
[2026-05-20T05:35:21.962Z] 📸 Attached image URL to testing2: http://localhost:3037/uploads/wa_1779193498155.jpeg
================================================================================
[2026-05-20T05:35:21.968Z] 🆔 Attached Media ID to testing2: 2083050422626616
================================================================================
[2026-05-20T05:35:22.036Z] ✅ Found 7 approved templates
================================================================================
[2026-05-20T06:35:32.845Z] 🚀 GET APPROVED TEMPLATES API CALLED
================================================================================
[2026-05-20T06:35:34.307Z] 📸 Attached image URL to 20may_test4: https://jass.techorses.com/api/uploads/wa_1779256017123.mp4
================================================================================
[2026-05-20T06:35:34.309Z] 🆔 Attached Media ID to 20may_test4: 1000566965862010
================================================================================
[2026-05-20T06:35:34.372Z] 📸 Attached image URL to 20may_test3: https://jass.techorses.com/api/uploads/wa_1779255718238.mp4
================================================================================
[2026-05-20T06:35:34.379Z] 🆔 Attached Media ID to 20may_test3: 1571407031369849
================================================================================
[2026-05-20T06:35:34.447Z] 📸 Attached image URL to 20may_test2: http://localhost:3037/uploads/wa_1779254790779.mp4
================================================================================
[2026-05-20T06:35:34.448Z] 🆔 Attached Media ID to 20may_test2: 2447768995686288
================================================================================
[2026-05-20T06:35:34.526Z] 📸 Attached image URL to 20may_test1: http://localhost:3037/uploads/wa_1779254385873.mp4
================================================================================
[2026-05-20T06:35:34.527Z] 🆔 Attached Media ID to 20may_test1: 958283143684340
================================================================================
[2026-05-20T06:35:34.603Z] 📸 Attached image URL to meet: https://jass.techorses.com/uploads/wa_1779196324535.jpg
================================================================================
[2026-05-20T06:35:34.605Z] 🆔 Attached Media ID to meet: 1498863118550469
================================================================================
[2026-05-20T06:35:34.680Z] 📸 Attached image URL to testing3: http://localhost:3037/uploads/wa_1779195183899.jpeg
================================================================================
[2026-05-20T06:35:34.681Z] 🆔 Attached Media ID to testing3: 1791949775104776
================================================================================
[2026-05-20T06:35:34.757Z] 📸 Attached image URL to testing2: http://localhost:3037/uploads/wa_1779193498155.jpeg
================================================================================
[2026-05-20T06:35:34.759Z] 🆔 Attached Media ID to testing2: 2083050422626616
================================================================================
[2026-05-20T06:35:34.913Z] ✅ Found 10 approved templates
================================================================================
[2026-05-20T06:35:45.504Z] 🚀 SEND TEMPLATE TO CUSTOMERS API CALLED
================================================================================
[2026-05-20T06:35:45.506Z] 📋 REQUEST BODY:
{
  "customers": [
    {
      "phone": "8401273528",
      "name": "Amaan Sodagar"
    }
  ],
  "templateName": "20may_test5",
  "language": "en",
  "parameters": []
}
================================================================================
[2026-05-20T06:35:45.583Z] 🔍 Checking unsubscribe status for 1 customers...
================================================================================
[2026-05-20T06:35:45.645Z] ✅ Valid customers: 1, Skipped unsubscribed: 0
================================================================================
[2026-05-20T06:35:45.647Z] 📤 Sending to 918401273528 (1/1)
================================================================================
[2026-05-20T06:35:46.890Z] ✅ Sent to 918401273528
================================================================================
[2026-05-20T06:35:46.892Z] ✅ COMPLETED: Success: 1, Failed: 0, Skipped: 0
================================================================================
[2026-05-20T08:02:23.445Z] 🚀 GET WHATSAPP USERS API CALLED
================================================================================
[2026-05-20T08:02:23.543Z] 🚀 GET APPROVED TEMPLATES API CALLED
================================================================================
[2026-05-20T08:02:40.029Z] 🚀 SAVE EXCEL USERS API CALLED
================================================================================
[2026-05-20T08:02:40.471Z] ✅ Saved: 1, Skipped: 0, Errors: 0
================================================================================
[2026-05-20T08:02:40.479Z] 🚀 GET WHATSAPP USERS API CALLED
================================================================================
[2026-05-20T08:02:54.936Z] 🚀 SAVE EXCEL USERS API CALLED
================================================================================
[2026-05-20T08:02:55.139Z] ✅ Saved: 0, Skipped: 1, Errors: 0
================================================================================
[2026-05-20T08:02:55.157Z] 🚀 GET WHATSAPP USERS API CALLED
================================================================================
[2026-05-20T08:06:19.261Z] 🚀 GET WHATSAPP USERS API CALLED
================================================================================
[2026-05-20T08:06:19.265Z] 🚀 GET APPROVED TEMPLATES API CALLED
================================================================================
[2026-05-20T08:06:21.258Z] 🚀 GET WHATSAPP USERS API CALLED
================================================================================
[2026-05-20T08:06:26.062Z] 🚀 GET APPROVED TEMPLATES API CALLED
================================================================================
[2026-05-20T11:11:23.273Z] 🚀 GET APPROVED TEMPLATES API CALLED
================================================================================
[2026-05-20T11:11:23.283Z] 🚀 GET WHATSAPP USERS API CALLED
================================================================================
[2026-05-20T11:11:36.054Z] 🚀 SEND TEMPLATE TO CUSTOMERS API CALLED
================================================================================
[2026-05-20T11:11:36.129Z] 📊 Total: 1, Valid: 1, Unsubscribed: 0
================================================================================
[2026-05-20T11:11:36.130Z] 📦 Processing Batch 1/1 (1 messages)
================================================================================
[2026-05-20T11:11:37.810Z] ✅ COMPLETED: Success: 1, Failed: 0, Skipped: 0
================================================================================
[2026-05-20T11:15:33.330Z] 🚀 GET WHATSAPP USERS API CALLED
================================================================================
[2026-05-20T11:15:33.334Z] 🚀 GET APPROVED TEMPLATES API CALLED
================================================================================
[2026-05-20T11:16:56.747Z] 🚀 SEND TEMPLATE TO CUSTOMERS API CALLED
================================================================================
[2026-05-20T11:16:56.805Z] 📊 Total: 1, Valid: 0, Unsubscribed: 1
================================================================================
[2026-05-20T11:16:56.806Z] ✅ COMPLETED: Success: 0, Failed: 0, Skipped: 1
================================================================================
[2026-05-20T11:20:38.813Z] 🚀 GET WHATSAPP USERS API CALLED
================================================================================
[2026-05-20T11:20:38.816Z] 🚀 GET APPROVED TEMPLATES API CALLED
================================================================================
[2026-05-20T11:21:45.812Z] 🚀 GET WHATSAPP USERS API CALLED
================================================================================
[2026-05-20T11:21:45.825Z] 🚀 GET APPROVED TEMPLATES API CALLED
================================================================================
[2026-05-20T11:21:49.805Z] 🚀 GET WHATSAPP USERS API CALLED
================================================================================
[2026-05-20T11:21:49.807Z] 🚀 GET APPROVED TEMPLATES API CALLED
================================================================================
[2026-05-20T11:21:56.450Z] 🚀 GET WHATSAPP USERS API CALLED
================================================================================
[2026-05-20T11:21:56.456Z] 🚀 GET APPROVED TEMPLATES API CALLED
================================================================================
[2026-05-20T11:22:42.582Z] 🚀 GET WHATSAPP USERS API CALLED
================================================================================
[2026-05-20T11:22:42.590Z] 🚀 GET APPROVED TEMPLATES API CALLED
================================================================================
[2026-05-20T11:22:57.814Z] 🚀 SEND TEMPLATE TO CUSTOMERS API CALLED
================================================================================
[2026-05-20T11:22:57.876Z] 📊 Total: 1, Valid: 1, Unsubscribed: 0
================================================================================
[2026-05-20T11:22:57.877Z] 📦 Processing Batch 1/1 (1 messages)
================================================================================
[2026-05-20T11:22:59.102Z] ✅ COMPLETED: Success: 1, Failed: 0, Skipped: 0
================================================================================
[2026-05-20T11:30:00.181Z] 🚀 SAVE EXCEL USERS API CALLED
================================================================================
[2026-05-20T11:30:00.552Z] ✅ Saved: 0, Skipped: 1, Errors: 0
================================================================================
[2026-05-20T11:30:00.563Z] 🚀 GET WHATSAPP USERS API CALLED
================================================================================
[2026-05-20T11:32:30.859Z] 🚀 GET WHATSAPP USERS API CALLED
================================================================================
[2026-05-20T11:32:30.870Z] 🚀 GET APPROVED TEMPLATES API CALLED
================================================================================
[2026-05-20T11:42:06.810Z] 🚀 GET WHATSAPP USERS API CALLED
================================================================================
[2026-05-20T11:42:06.816Z] 🚀 GET APPROVED TEMPLATES API CALLED
================================================================================
[2026-05-20T11:42:06.875Z] 🚀 GET WHATSAPP USERS API CALLED
================================================================================
[2026-05-20T11:42:07.766Z] 🚀 GET APPROVED TEMPLATES API CALLED
================================================================================
[2026-05-20T11:43:14.879Z] 🚀 GET WHATSAPP USERS API CALLED
================================================================================
[2026-05-20T11:43:14.882Z] 🚀 GET APPROVED TEMPLATES API CALLED
================================================================================
[2026-05-20T11:43:14.914Z] 🚀 GET WHATSAPP USERS API CALLED
================================================================================
[2026-05-20T11:43:15.775Z] 🚀 GET APPROVED TEMPLATES API CALLED
================================================================================
[2026-05-20T11:44:10.853Z] 🚀 GET WHATSAPP USERS API CALLED
================================================================================
[2026-05-20T11:44:10.855Z] 🚀 GET APPROVED TEMPLATES API CALLED
================================================================================
[2026-05-20T11:44:10.881Z] 🚀 GET WHATSAPP USERS API CALLED
================================================================================
[2026-05-20T11:44:11.897Z] 🚀 GET APPROVED TEMPLATES API CALLED
================================================================================
[2026-05-20T11:44:21.858Z] 🚀 GET WHATSAPP USERS API CALLED
================================================================================
[2026-05-20T11:44:21.861Z] 🚀 GET APPROVED TEMPLATES API CALLED
================================================================================
[2026-05-20T11:44:21.912Z] 🚀 GET WHATSAPP USERS API CALLED
================================================================================
[2026-05-20T11:44:22.840Z] 🚀 GET APPROVED TEMPLATES API CALLED
================================================================================
[2026-05-20T11:45:09.422Z] 🚀 SAVE EXCEL USERS API CALLED
================================================================================
[2026-05-20T11:45:09.506Z] ✅ Saved: 1, Skipped: 1, Errors: 0
================================================================================
[2026-05-20T11:45:09.511Z] 🚀 GET WHATSAPP USERS API CALLED
================================================================================
[2026-05-20T11:45:38.179Z] 🚀 SAVE EXCEL USERS API CALLED
================================================================================
[2026-05-20T11:45:38.246Z] ✅ Saved: 0, Skipped: 2, Errors: 0
================================================================================
[2026-05-20T11:45:38.251Z] 🚀 GET WHATSAPP USERS API CALLED
================================================================================
[2026-05-20T11:46:46.843Z] 🚀 SAVE EXCEL USERS API CALLED
================================================================================
[2026-05-20T11:46:46.896Z] ✅ Saved: 0, Skipped: 2, Errors: 0
================================================================================
[2026-05-20T11:46:46.901Z] 🚀 GET WHATSAPP USERS API CALLED
================================================================================
[2026-05-20T11:55:59.943Z] 🚀 GET WHATSAPP USERS API CALLED
================================================================================
[2026-05-20T11:55:59.973Z] 🚀 GET APPROVED TEMPLATES API CALLED
================================================================================
[2026-05-20T11:56:00.023Z] 🚀 GET WHATSAPP USERS API CALLED
================================================================================
[2026-05-20T11:56:01.338Z] 🚀 GET APPROVED TEMPLATES API CALLED
================================================================================
[2026-05-20T11:56:13.699Z] 🚀 SAVE EXCEL USERS API CALLED
================================================================================
[2026-05-20T11:56:13.779Z] ✅ Saved: 0, Skipped: 2, Errors: 0
================================================================================
[2026-05-20T11:56:13.785Z] 🚀 GET WHATSAPP USERS API CALLED
================================================================================
[2026-05-20T11:56:58.390Z] 🚀 GET WHATSAPP USERS API CALLED
================================================================================
[2026-05-20T11:56:58.392Z] 🚀 GET APPROVED TEMPLATES API CALLED
================================================================================
[2026-05-20T11:56:59.000Z] 🚀 GET WHATSAPP USERS API CALLED
================================================================================
[2026-05-20T11:56:59.920Z] 🚀 GET APPROVED TEMPLATES API CALLED
================================================================================
[2026-05-20T12:13:26.865Z] 🚀 GET WHATSAPP USERS API CALLED
================================================================================
[2026-05-20T12:13:26.869Z] 🚀 GET APPROVED TEMPLATES API CALLED
================================================================================
[2026-05-20T12:13:51.839Z] 🚀 SEND TEMPLATE TO CUSTOMERS API CALLED
================================================================================
[2026-05-20T12:13:51.920Z] 📊 Total: 2, Valid: 2, Unsubscribed: 0
================================================================================
[2026-05-20T12:13:51.922Z] 📦 Processing Batch 1/1 (2 messages)
================================================================================
[2026-05-20T12:13:52.662Z] ✅ COMPLETED: Success: 2, Failed: 0, Skipped: 0
================================================================================
[2026-05-20T12:27:38.826Z] 🚀 GET WHATSAPP USERS API CALLED
================================================================================
[2026-05-20T12:27:38.832Z] 🚀 GET APPROVED TEMPLATES API CALLED
================================================================================
[2026-05-20T12:45:20.732Z] 🚀 GET WHATSAPP USERS API CALLED
================================================================================
[2026-05-20T12:45:21.068Z] 🚀 GET APPROVED TEMPLATES API CALLED
================================================================================
[2026-05-20T12:45:22.152Z] 🚀 GET WHATSAPP USERS API CALLED
================================================================================
[2026-05-20T12:45:22.202Z] 🚀 GET WHATSAPP USERS API CALLED
================================================================================
[2026-05-20T12:45:22.360Z] 🚀 GET APPROVED TEMPLATES API CALLED
================================================================================
[2026-05-20T12:45:23.227Z] 🚀 GET APPROVED TEMPLATES API CALLED
================================================================================
[2026-05-20T13:03:14.583Z] 🚀 GET WHATSAPP USERS API CALLED
================================================================================
[2026-05-20T13:03:14.602Z] 🚀 GET APPROVED TEMPLATES API CALLED
================================================================================
[2026-05-20T13:03:20.859Z] 🚀 GET WHATSAPP USERS API CALLED
================================================================================
[2026-05-20T13:03:20.863Z] 🚀 GET APPROVED TEMPLATES API CALLED
================================================================================
[2026-05-20T13:03:35.609Z] 🚀 SEND TEMPLATE TO CUSTOMERS API CALLED
================================================================================
[2026-05-20T13:03:35.680Z] 📊 Total: 1, Valid: 0, Unsubscribed: 1
================================================================================
[2026-05-20T13:03:35.681Z] ✅ COMPLETED: Success: 0, Failed: 0, Skipped: 1
================================================================================
[2026-05-20T13:12:43.503Z] 🚀 GET WHATSAPP USERS API CALLED
================================================================================
[2026-05-20T13:12:43.508Z] 🚀 GET APPROVED TEMPLATES API CALLED
================================================================================
[2026-05-20T13:13:23.721Z] 🚀 SEND TEMPLATE TO CUSTOMERS API CALLED
================================================================================
[2026-05-20T13:13:23.772Z] 📊 Total: 1, Valid: 1, Unsubscribed: 0
================================================================================
[2026-05-20T13:13:23.773Z] 📦 Processing Batch 1/1 (1 messages)
================================================================================
[2026-05-20T13:13:24.617Z] ✅ COMPLETED: Success: 1, Failed: 0, Skipped: 0
================================================================================
[2026-05-20T13:15:48.354Z] 🚀 GET WHATSAPP USERS API CALLED
================================================================================
[2026-05-20T13:15:48.357Z] 🚀 GET APPROVED TEMPLATES API CALLED
================================================================================
[2026-05-21T10:19:50.716Z] 🚀 SAVE EXCEL USERS API CALLED
================================================================================
[2026-05-21T10:19:50.892Z] ✅ Saved: 1, Skipped: 1, Errors: 0
================================================================================
[2026-05-21T10:19:50.892Z] 📝 Skipped details: [
  {
    "name": "Amaan",
    "phone": "8401273528",
    "reason": "Phone number already exists in Customer database"
  }
]
================================================================================
[2026-05-21T10:19:50.893Z] ❌ Error details: []
================================================================================
[2026-05-21T10:19:50.902Z] 🚀 GET WHATSAPP USERS API CALLED
================================================================================
[2026-05-21T10:43:55.455Z] 🚀 GET WHATSAPP USERS API CALLED
================================================================================
[2026-05-21T10:43:55.799Z] 🚀 GET APPROVED TEMPLATES API CALLED
================================================================================
[2026-05-29T05:56:23.959Z] 🚀 GET WHATSAPP USERS API CALLED
================================================================================
[2026-05-29T05:56:24.128Z] 🚀 GET APPROVED TEMPLATES API CALLED
================================================================================
[2026-05-29T05:56:50.670Z] 🚀 GET WHATSAPP USERS API CALLED
================================================================================
[2026-05-29T05:56:50.678Z] 🚀 GET APPROVED TEMPLATES API CALLED
================================================================================
[2026-05-29T05:59:23.137Z] 🚀 SEND TEMPLATE TO CUSTOMERS API CALLED
================================================================================
[2026-05-29T05:59:23.281Z] 📊 Total: 1, Valid: 1, Unsubscribed: 0
================================================================================
[2026-05-29T05:59:23.282Z] 📦 Processing Batch 1/1 (1 messages)
================================================================================
[2026-05-29T05:59:24.934Z] ✅ COMPLETED: Success: 1, Failed: 0, Skipped: 0
================================================================================
[2026-05-29T10:53:40.514Z] 🚀 GET WHATSAPP USERS API CALLED
================================================================================
[2026-05-29T10:53:40.546Z] 🚀 GET APPROVED TEMPLATES API CALLED
================================================================================
[2026-05-29T10:55:27.730Z] 🚀 SEND TEMPLATE TO CUSTOMERS API CALLED
================================================================================
[2026-05-29T10:55:28.572Z] 📊 Total: 10, Valid: 10, Unsubscribed: 0
================================================================================
[2026-05-29T10:55:28.573Z] 📦 Processing Batch 1/10 (1 messages)
================================================================================
[2026-05-29T10:55:29.931Z] ⏳ Waiting 10 seconds before next customer...
================================================================================
[2026-05-29T10:55:39.940Z] 📦 Processing Batch 2/10 (1 messages)
================================================================================
[2026-05-29T10:55:41.399Z] ⏳ Waiting 3 seconds before next customer...
================================================================================
[2026-05-29T10:55:44.402Z] 📦 Processing Batch 3/10 (1 messages)
================================================================================
[2026-05-29T10:55:45.211Z] ⏳ Waiting 4 seconds before next customer...
================================================================================
[2026-05-29T10:55:49.219Z] 📦 Processing Batch 4/10 (1 messages)
================================================================================
[2026-05-29T10:55:50.090Z] ⏳ Waiting 4 seconds before next customer...
================================================================================
[2026-05-29T10:55:54.098Z] 📦 Processing Batch 5/10 (1 messages)
================================================================================
[2026-05-29T10:55:54.859Z] ⏳ Waiting 7 seconds before next customer...
================================================================================
[2026-05-29T10:56:01.876Z] 📦 Processing Batch 6/10 (1 messages)
================================================================================
[2026-05-29T10:56:03.001Z] ⏳ Waiting 3 seconds before next customer...
================================================================================
[2026-05-29T10:56:06.015Z] 📦 Processing Batch 7/10 (1 messages)
================================================================================
[2026-05-29T10:56:06.782Z] ⏳ Waiting 8 seconds before next customer...
================================================================================
[2026-05-29T10:56:14.795Z] 📦 Processing Batch 8/10 (1 messages)
================================================================================
[2026-05-29T10:56:16.361Z] ⏳ Waiting 10 seconds before next customer...
================================================================================
[2026-05-29T10:56:26.371Z] 📦 Processing Batch 9/10 (1 messages)
================================================================================
[2026-05-29T10:56:27.653Z] ⏳ Waiting 10 seconds before next customer...
================================================================================
[2026-05-29T10:56:37.666Z] 📦 Processing Batch 10/10 (1 messages)
================================================================================
[2026-05-29T10:56:38.600Z] ✅ COMPLETED: Success: 10, Failed: 0, Skipped: 0
================================================================================
[2026-05-29T11:00:30.692Z] 🚀 GET WHATSAPP USERS API CALLED
================================================================================
[2026-05-29T11:00:30.701Z] 🚀 GET APPROVED TEMPLATES API CALLED
================================================================================
[2026-05-29T11:01:40.168Z] 🚀 SEND TEMPLATE TO CUSTOMERS API CALLED
================================================================================
[2026-05-29T11:01:40.918Z] 📊 Total: 10, Valid: 10, Unsubscribed: 0
================================================================================
[2026-05-29T11:01:40.919Z] 📦 Processing Batch 1/10 (1 messages)
================================================================================
[2026-05-29T11:01:42.426Z] ⏳ Waiting 9 seconds before next customer...
================================================================================
[2026-05-29T11:01:51.443Z] 📦 Processing Batch 2/10 (1 messages)
================================================================================
[2026-05-29T11:01:52.842Z] ⏳ Waiting 5 seconds before next customer...
================================================================================
[2026-05-29T11:01:57.847Z] 📦 Processing Batch 3/10 (1 messages)
================================================================================
[2026-05-29T11:01:59.253Z] ⏳ Waiting 4 seconds before next customer...
================================================================================
[2026-05-29T11:02:03.261Z] 📦 Processing Batch 4/10 (1 messages)
================================================================================
[2026-05-29T11:02:04.169Z] ⏳ Waiting 7 seconds before next customer...
================================================================================
[2026-05-29T11:02:11.184Z] 📦 Processing Batch 5/10 (1 messages)
================================================================================
[2026-05-29T11:02:12.545Z] ⏳ Waiting 10 seconds before next customer...
================================================================================
[2026-05-29T11:02:22.556Z] 📦 Processing Batch 6/10 (1 messages)
================================================================================
[2026-05-29T11:02:24.032Z] ⏳ Waiting 3 seconds before next customer...
================================================================================
[2026-05-29T11:02:27.047Z] 📦 Processing Batch 7/10 (1 messages)
================================================================================
[2026-05-29T11:02:27.919Z] ⏳ Waiting 5 seconds before next customer...
================================================================================
[2026-05-29T11:02:32.926Z] 📦 Processing Batch 8/10 (1 messages)
================================================================================
[2026-05-29T11:02:34.391Z] ⏳ Waiting 4 seconds before next customer...
================================================================================
[2026-05-29T11:02:38.395Z] 📦 Processing Batch 9/10 (1 messages)
================================================================================
[2026-05-29T11:02:39.176Z] ⏳ Waiting 1 seconds before next customer...
================================================================================
[2026-05-29T11:02:40.189Z] 📦 Processing Batch 10/10 (1 messages)
================================================================================
[2026-05-29T11:02:40.939Z] ✅ COMPLETED: Success: 10, Failed: 0, Skipped: 0
================================================================================
[2026-05-29T11:06:11.710Z] 🚀 GET WHATSAPP USERS API CALLED
================================================================================
[2026-05-29T11:06:11.714Z] 🚀 GET APPROVED TEMPLATES API CALLED
================================================================================
[2026-05-29T11:07:17.571Z] 🚀 SEND TEMPLATE TO CUSTOMERS API CALLED
================================================================================
[2026-05-29T11:07:18.998Z] 📊 Total: 20, Valid: 20, Unsubscribed: 0
================================================================================
[2026-05-29T11:07:18.999Z] 📦 Processing Batch 1/20 (1 messages)
================================================================================
[2026-05-29T11:07:20.409Z] ⏳ Waiting 10 seconds before next customer...
================================================================================
[2026-05-29T11:07:30.423Z] 📦 Processing Batch 2/20 (1 messages)
================================================================================
[2026-05-29T11:07:31.901Z] ⏳ Waiting 5 seconds before next customer...
================================================================================
[2026-05-29T11:07:36.916Z] 📦 Processing Batch 3/20 (1 messages)
================================================================================
[2026-05-29T11:07:37.853Z] ⏳ Waiting 3 seconds before next customer...
================================================================================
[2026-05-29T11:07:40.866Z] 📦 Processing Batch 4/20 (1 messages)
================================================================================
[2026-05-29T11:07:41.675Z] ⏳ Waiting 6 seconds before next customer...
================================================================================
[2026-05-29T11:07:47.690Z] 📦 Processing Batch 5/20 (1 messages)
================================================================================
[2026-05-29T11:07:48.654Z] ⏳ Waiting 4 seconds before next customer...
================================================================================
[2026-05-29T11:07:52.660Z] 📦 Processing Batch 6/20 (1 messages)
================================================================================
[2026-05-29T11:07:53.412Z] ⏳ Waiting 8 seconds before next customer...
================================================================================
[2026-05-29T11:08:01.418Z] 📦 Processing Batch 7/20 (1 messages)
================================================================================
[2026-05-29T11:08:03.596Z] ⏳ Waiting 9 seconds before next customer...
================================================================================
[2026-05-29T11:08:12.607Z] 📦 Processing Batch 8/20 (1 messages)
================================================================================
[2026-05-29T11:08:13.999Z] ⏳ Waiting 1 seconds before next customer...
================================================================================
[2026-05-29T11:08:15.009Z] 📦 Processing Batch 9/20 (1 messages)
================================================================================
[2026-05-29T11:08:15.805Z] ⏳ Waiting 9 seconds before next customer...
================================================================================
[2026-05-29T11:08:24.816Z] 📦 Processing Batch 10/20 (1 messages)
================================================================================
[2026-05-29T11:08:25.748Z] ⏳ Waiting 8 seconds before next customer...
================================================================================
[2026-05-29T11:08:33.756Z] 📦 Processing Batch 11/20 (1 messages)
================================================================================
[2026-05-29T11:08:34.924Z] ⏳ Waiting 7 seconds before next customer...
================================================================================
[2026-05-29T11:08:41.934Z] 📦 Processing Batch 12/20 (1 messages)
================================================================================
[2026-05-29T11:08:42.964Z] ⏳ Waiting 5 seconds before next customer...
================================================================================
[2026-05-29T11:08:47.974Z] 📦 Processing Batch 13/20 (1 messages)
================================================================================
[2026-05-29T11:08:48.874Z] ⏳ Waiting 3 seconds before next customer...
================================================================================
[2026-05-29T11:08:51.884Z] 📦 Processing Batch 14/20 (1 messages)
================================================================================
[2026-05-29T11:08:52.739Z] ⏳ Waiting 7 seconds before next customer...
================================================================================
[2026-05-29T11:08:59.751Z] 📦 Processing Batch 15/20 (1 messages)
================================================================================
[2026-05-29T11:09:01.248Z] ⏳ Waiting 6 seconds before next customer...
================================================================================
[2026-05-29T11:09:07.258Z] 📦 Processing Batch 16/20 (1 messages)
================================================================================
[2026-05-29T11:09:08.156Z] ⏳ Waiting 9 seconds before next customer...
================================================================================
[2026-05-29T11:09:17.189Z] 📦 Processing Batch 17/20 (1 messages)
================================================================================
[2026-05-29T11:09:18.190Z] ⏳ Waiting 5 seconds before next customer...
================================================================================
[2026-05-29T11:09:23.203Z] 📦 Processing Batch 18/20 (1 messages)
================================================================================
[2026-05-29T11:09:24.198Z] ⏳ Waiting 3 seconds before next customer...
================================================================================
[2026-05-29T11:09:27.211Z] 📦 Processing Batch 19/20 (1 messages)
================================================================================
[2026-05-29T11:09:27.995Z] ⏳ Waiting 9 seconds before next customer...
================================================================================
[2026-05-29T11:09:36.998Z] 📦 Processing Batch 20/20 (1 messages)
================================================================================
[2026-05-29T11:09:38.573Z] ✅ COMPLETED: Success: 20, Failed: 0, Skipped: 0
================================================================================
[2026-05-29T11:16:58.977Z] 🚀 GET WHATSAPP USERS API CALLED
================================================================================
[2026-05-29T11:16:58.980Z] 🚀 GET APPROVED TEMPLATES API CALLED
================================================================================
[2026-05-29T11:17:10.938Z] 🚀 SEND TEMPLATE TO CUSTOMERS API CALLED
================================================================================
[2026-05-29T11:17:11.025Z] 📊 Total: 1, Valid: 1, Unsubscribed: 0
================================================================================
[2026-05-29T11:17:11.026Z] 📦 Processing Batch 1/1 (1 messages)
================================================================================
[2026-05-29T11:17:11.888Z] ✅ COMPLETED: Success: 1, Failed: 0, Skipped: 0
================================================================================
[2026-05-29T11:17:21.747Z] 🚀 GET WHATSAPP USERS API CALLED
================================================================================
[2026-05-29T11:17:21.750Z] 🚀 GET APPROVED TEMPLATES API CALLED
================================================================================
[2026-05-29T11:17:41.497Z] 🚀 SEND TEMPLATE TO CUSTOMERS API CALLED
================================================================================
[2026-05-29T11:17:41.559Z] 📊 Total: 1, Valid: 1, Unsubscribed: 0
================================================================================
[2026-05-29T11:17:41.561Z] 📦 Processing Batch 1/1 (1 messages)
================================================================================
[2026-05-29T11:17:42.366Z] ✅ COMPLETED: Success: 1, Failed: 0, Skipped: 0
================================================================================
[2026-05-29T11:17:45.773Z] 🚀 GET WHATSAPP USERS API CALLED
================================================================================
[2026-05-29T11:17:45.778Z] 🚀 GET APPROVED TEMPLATES API CALLED
================================================================================
[2026-05-29T11:17:55.674Z] 🚀 SEND TEMPLATE TO CUSTOMERS API CALLED
================================================================================
[2026-05-29T11:17:55.764Z] 📊 Total: 1, Valid: 1, Unsubscribed: 0
================================================================================
[2026-05-29T11:17:55.766Z] 📦 Processing Batch 1/1 (1 messages)
================================================================================
[2026-05-29T11:17:56.544Z] ✅ COMPLETED: Success: 1, Failed: 0, Skipped: 0
================================================================================
[2026-05-29T11:18:04.501Z] 🚀 GET WHATSAPP USERS API CALLED
================================================================================
[2026-05-29T11:18:04.504Z] 🚀 GET APPROVED TEMPLATES API CALLED
================================================================================
[2026-05-29T11:19:39.718Z] 🚀 SEND TEMPLATE TO CUSTOMERS API CALLED
================================================================================
[2026-05-29T11:19:39.786Z] 📊 Total: 1, Valid: 1, Unsubscribed: 0
================================================================================
[2026-05-29T11:19:39.788Z] 📦 Processing Batch 1/1 (1 messages)
================================================================================
[2026-05-29T11:19:40.645Z] ✅ COMPLETED: Success: 1, Failed: 0, Skipped: 0
================================================================================
[2026-05-29T11:20:36.743Z] 🚀 GET WHATSAPP USERS API CALLED
================================================================================
[2026-05-29T11:20:36.747Z] 🚀 GET APPROVED TEMPLATES API CALLED
================================================================================
[2026-05-29T11:20:52.064Z] 🚀 SEND TEMPLATE TO CUSTOMERS API CALLED
================================================================================
[2026-05-29T11:20:52.125Z] 📊 Total: 1, Valid: 1, Unsubscribed: 0
================================================================================
[2026-05-29T11:20:52.126Z] 📦 Processing Batch 1/1 (1 messages)
================================================================================
[2026-05-29T11:20:52.836Z] ✅ COMPLETED: Success: 1, Failed: 0, Skipped: 0
================================================================================
[2026-05-29T11:21:03.432Z] 🚀 GET WHATSAPP USERS API CALLED
================================================================================
[2026-05-29T11:21:03.441Z] 🚀 GET APPROVED TEMPLATES API CALLED
================================================================================
[2026-05-29T11:21:20.673Z] 🚀 SEND TEMPLATE TO CUSTOMERS API CALLED
================================================================================
[2026-05-29T11:21:20.739Z] 📊 Total: 1, Valid: 1, Unsubscribed: 0
================================================================================
[2026-05-29T11:21:20.740Z] 📦 Processing Batch 1/1 (1 messages)
================================================================================
[2026-05-29T11:21:21.487Z] ✅ COMPLETED: Success: 1, Failed: 0, Skipped: 0
================================================================================
[2026-05-29T11:21:30.086Z] 🚀 GET WHATSAPP USERS API CALLED
================================================================================
[2026-05-29T11:21:30.089Z] 🚀 GET APPROVED TEMPLATES API CALLED
================================================================================
[2026-05-29T11:21:41.074Z] 🚀 SEND TEMPLATE TO CUSTOMERS API CALLED
================================================================================
[2026-05-29T11:21:41.130Z] 📊 Total: 1, Valid: 1, Unsubscribed: 0
================================================================================
[2026-05-29T11:21:41.132Z] 📦 Processing Batch 1/1 (1 messages)
================================================================================
[2026-05-29T11:21:41.890Z] ✅ COMPLETED: Success: 1, Failed: 0, Skipped: 0
================================================================================
[2026-05-29T11:22:17.674Z] 🚀 GET WHATSAPP USERS API CALLED
================================================================================
[2026-05-29T11:22:17.679Z] 🚀 GET APPROVED TEMPLATES API CALLED
================================================================================
[2026-05-29T11:22:32.231Z] 🚀 SEND TEMPLATE TO CUSTOMERS API CALLED
================================================================================
[2026-05-29T11:22:32.435Z] 📊 Total: 5, Valid: 5, Unsubscribed: 0
================================================================================
[2026-05-29T11:22:32.436Z] 📦 Processing Batch 1/5 (1 messages)
================================================================================
[2026-05-29T11:22:33.571Z] ⏳ Waiting 6 seconds before next customer...
================================================================================
[2026-05-29T11:22:39.578Z] 📦 Processing Batch 2/5 (1 messages)
================================================================================
[2026-05-29T11:22:40.524Z] ⏳ Waiting 8 seconds before next customer...
================================================================================
[2026-05-29T11:22:48.530Z] 📦 Processing Batch 3/5 (1 messages)
================================================================================
[2026-05-29T11:22:49.780Z] ⏳ Waiting 6 seconds before next customer...
================================================================================
[2026-05-29T11:22:55.793Z] 📦 Processing Batch 4/5 (1 messages)
================================================================================
[2026-05-29T11:22:57.088Z] ⏳ Waiting 8 seconds before next customer...
================================================================================
[2026-05-29T11:23:05.104Z] 📦 Processing Batch 5/5 (1 messages)
================================================================================
[2026-05-29T11:23:05.982Z] ✅ COMPLETED: Success: 5, Failed: 0, Skipped: 0
================================================================================
[2026-05-29T11:36:29.677Z] 🚀 GET WHATSAPP USERS API CALLED
================================================================================
[2026-05-29T11:36:30.014Z] 🚀 GET APPROVED TEMPLATES API CALLED
================================================================================
[2026-05-29T11:37:04.991Z] 🚀 SEND TEMPLATE TO CUSTOMERS API CALLED
================================================================================
[2026-05-29T11:37:05.457Z] 📊 Total: 15, Valid: 15, Unsubscribed: 0
================================================================================
[2026-05-29T11:37:05.458Z] 📦 Processing Batch 1/15 (1 messages)
================================================================================
[2026-05-29T11:37:06.925Z] ⏳ Waiting 19 seconds before next customer...
================================================================================
[2026-05-29T11:37:25.927Z] 📦 Processing Batch 2/15 (1 messages)
================================================================================
[2026-05-29T11:37:27.209Z] ⏳ Waiting 15 seconds before next customer...
================================================================================
[2026-05-29T11:37:42.223Z] 📦 Processing Batch 3/15 (1 messages)
================================================================================
[2026-05-29T11:37:43.460Z] ⏳ Waiting 15 seconds before next customer...
================================================================================
[2026-05-29T11:37:58.472Z] 📦 Processing Batch 4/15 (1 messages)
================================================================================
[2026-05-29T11:37:59.860Z] ⏳ Waiting 16 seconds before next customer...
================================================================================
[2026-05-29T11:38:15.876Z] 📦 Processing Batch 5/15 (1 messages)
================================================================================
[2026-05-29T11:38:17.265Z] ⏳ Waiting 10 seconds before next customer...
================================================================================
[2026-05-29T11:38:27.277Z] 📦 Processing Batch 6/15 (1 messages)
================================================================================
[2026-05-29T11:38:28.617Z] ⏳ Waiting 11 seconds before next customer...
================================================================================
[2026-05-29T11:38:39.624Z] 📦 Processing Batch 7/15 (1 messages)
================================================================================
[2026-05-29T11:38:40.460Z] ⏳ Waiting 13 seconds before next customer...
================================================================================
[2026-05-29T11:38:53.473Z] 📦 Processing Batch 8/15 (1 messages)
================================================================================
[2026-05-29T11:38:54.256Z] ⏳ Waiting 17 seconds before next customer...
================================================================================
[2026-05-29T11:39:11.267Z] 📦 Processing Batch 9/15 (1 messages)
================================================================================
[2026-05-29T11:39:13.093Z] ⏳ Waiting 17 seconds before next customer...
================================================================================
[2026-05-29T11:39:30.105Z] 📦 Processing Batch 10/15 (1 messages)
================================================================================
[2026-05-29T11:39:31.250Z] ⏳ Waiting 18 seconds before next customer...
================================================================================
[2026-05-29T11:39:49.251Z] 📦 Processing Batch 11/15 (1 messages)
================================================================================
[2026-05-29T11:39:49.979Z] ⏳ Waiting 15 seconds before next customer...
================================================================================
[2026-05-29T11:40:04.980Z] 📦 Processing Batch 12/15 (1 messages)
================================================================================
[2026-05-29T11:40:05.782Z] ⏳ Waiting 12 seconds before next customer...
================================================================================
[2026-05-29T11:40:17.802Z] 📦 Processing Batch 13/15 (1 messages)
================================================================================
[2026-05-29T11:40:18.607Z] ⏳ Waiting 14 seconds before next customer...
================================================================================
[2026-05-29T11:40:32.621Z] 📦 Processing Batch 14/15 (1 messages)
================================================================================
[2026-05-29T11:40:33.477Z] ⏳ Waiting 16 seconds before next customer...
================================================================================
[2026-05-29T11:40:49.483Z] 📦 Processing Batch 15/15 (1 messages)
================================================================================
[2026-05-29T11:40:50.164Z] ✅ COMPLETED: Success: 15, Failed: 0, Skipped: 0
================================================================================
[2026-05-29T12:04:34.576Z] 🚀 GET WHATSAPP USERS API CALLED
================================================================================
[2026-05-29T12:04:34.582Z] 🚀 GET APPROVED TEMPLATES API CALLED
================================================================================
[2026-05-29T12:05:44.613Z] 🚀 SEND TEMPLATE TO CUSTOMERS API CALLED
================================================================================
[2026-05-29T12:05:44.810Z] 📊 Total: 5, Valid: 5, Unsubscribed: 0
================================================================================
[2026-05-29T12:05:44.810Z] 📦 Processing Batch 1/5 (1 messages)
================================================================================
[2026-05-29T12:05:44.811Z] 📤 Sending to 9724456738
{
  "messaging_product": "whatsapp",
  "to": "9724456738",
  "type": "template",
  "template": {
    "name": "invitation_testing_template",
    "language": {
      "code": "en"
    },
    "components": [
      {
        "type": "header",
        "parameters": [
          {
            "type": "image",
            "image": {
              "id": "1377181410901932"
            }
          }
        ]
      }
    ]
  }
}
================================================================================
[2026-05-29T12:05:45.625Z] ✅ Meta response for 9724456738
{
  "messaging_product": "whatsapp",
  "contacts": [
    {
      "input": "9724456738",
      "wa_id": "919724456738"
    }
  ],
  "messages": [
    {
      "id": "wamid.HBgMOTE5NzI0NDU2NzM4FQIAERgSODQzODFFRUY1NzRFMDEzMUEyAA==",
      "message_status": "accepted"
    }
  ]
}
================================================================================
[2026-05-29T12:05:45.713Z] ⏳ Waiting 17 seconds before next customer...
================================================================================
[2026-05-29T12:06:02.719Z] 📦 Processing Batch 2/5 (1 messages)
================================================================================
[2026-05-29T12:06:02.720Z] 📤 Sending to 6354463334
{
  "messaging_product": "whatsapp",
  "to": "6354463334",
  "type": "template",
  "template": {
    "name": "invitation_testing_template",
    "language": {
      "code": "en"
    },
    "components": [
      {
        "type": "header",
        "parameters": [
          {
            "type": "image",
            "image": {
              "id": "1377181410901932"
            }
          }
        ]
      }
    ]
  }
}
================================================================================
[2026-05-29T12:06:04.533Z] ✅ Meta response for 6354463334
{
  "messaging_product": "whatsapp",
  "contacts": [
    {
      "input": "6354463334",
      "wa_id": "916354463334"
    }
  ],
  "messages": [
    {
      "id": "wamid.HBgMOTE2MzU0NDYzMzM0FQIAERgSRTI4MjI3QzI5NzdBQjE5RTY3AA==",
      "message_status": "accepted"
    }
  ]
}
================================================================================
[2026-05-29T12:06:04.589Z] ⏳ Waiting 19 seconds before next customer...
================================================================================
[2026-05-29T12:06:23.602Z] 📦 Processing Batch 3/5 (1 messages)
================================================================================
[2026-05-29T12:06:23.603Z] 📤 Sending to 9925843292
{
  "messaging_product": "whatsapp",
  "to": "9925843292",
  "type": "template",
  "template": {
    "name": "invitation_testing_template",
    "language": {
      "code": "en"
    },
    "components": [
      {
        "type": "header",
        "parameters": [
          {
            "type": "image",
            "image": {
              "id": "1377181410901932"
            }
          }
        ]
      }
    ]
  }
}
================================================================================
[2026-05-29T12:06:24.311Z] ✅ Meta response for 9925843292
{
  "messaging_product": "whatsapp",
  "contacts": [
    {
      "input": "9925843292",
      "wa_id": "919925843292"
    }
  ],
  "messages": [
    {
      "id": "wamid.HBgMOTE5OTI1ODQzMjkyFQIAERgSNjJBRTBBM0MxODhCQzY1M0ZGAA==",
      "message_status": "accepted"
    }
  ]
}
================================================================================
[2026-05-29T12:06:24.366Z] ⏳ Waiting 13 seconds before next customer...
================================================================================
[2026-05-29T12:06:37.381Z] 📦 Processing Batch 4/5 (1 messages)
================================================================================
[2026-05-29T12:06:37.382Z] 📤 Sending to 9408091262
{
  "messaging_product": "whatsapp",
  "to": "9408091262",
  "type": "template",
  "template": {
    "name": "invitation_testing_template",
    "language": {
      "code": "en"
    },
    "components": [
      {
        "type": "header",
        "parameters": [
          {
            "type": "image",
            "image": {
              "id": "1377181410901932"
            }
          }
        ]
      }
    ]
  }
}
================================================================================
[2026-05-29T12:06:38.083Z] ✅ Meta response for 9408091262
{
  "messaging_product": "whatsapp",
  "contacts": [
    {
      "input": "9408091262",
      "wa_id": "919408091262"
    }
  ],
  "messages": [
    {
      "id": "wamid.HBgMOTE5NDA4MDkxMjYyFQIAERgSQ0E3NTE4OTEwRTY2NzkwMTU2AA==",
      "message_status": "accepted"
    }
  ]
}
================================================================================
[2026-05-29T12:06:38.138Z] ⏳ Waiting 10 seconds before next customer...
================================================================================
[2026-05-29T12:06:48.148Z] 📦 Processing Batch 5/5 (1 messages)
================================================================================
[2026-05-29T12:06:48.149Z] 📤 Sending to 9825781967
{
  "messaging_product": "whatsapp",
  "to": "9825781967",
  "type": "template",
  "template": {
    "name": "invitation_testing_template",
    "language": {
      "code": "en"
    },
    "components": [
      {
        "type": "header",
        "parameters": [
          {
            "type": "image",
            "image": {
              "id": "1377181410901932"
            }
          }
        ]
      }
    ]
  }
}
================================================================================
[2026-05-29T12:06:48.790Z] ✅ Meta response for 9825781967
{
  "messaging_product": "whatsapp",
  "contacts": [
    {
      "input": "9825781967",
      "wa_id": "919825781967"
    }
  ],
  "messages": [
    {
      "id": "wamid.HBgMOTE5ODI1NzgxOTY3FQIAERgSNjU0QjBBQUE1OTc2QUI2M0IyAA==",
      "message_status": "accepted"
    }
  ]
}
================================================================================
[2026-05-29T12:06:48.852Z] ✅ COMPLETED: Success: 5, Failed: 0, Skipped: 0
================================================================================
[2026-05-29T13:24:34.972Z] 🚀 GET WHATSAPP USERS API CALLED
================================================================================
[2026-05-29T13:24:35.316Z] 🚀 GET APPROVED TEMPLATES API CALLED
================================================================================
[2026-05-29T13:25:04.112Z] 🚀 SEND TEMPLATE TO CUSTOMERS API CALLED
================================================================================
[2026-05-29T13:25:04.241Z] 📊 Total: 3, Valid: 3, Unsubscribed: 0
================================================================================
[2026-05-29T13:25:04.243Z] 📦 Processing Batch 1/3 (1 messages)
================================================================================
[2026-05-29T13:25:04.244Z] 📤 Sending to 9725653603
{
  "messaging_product": "whatsapp",
  "to": "9725653603",
  "type": "template",
  "template": {
    "name": "invitation_testing_template",
    "language": {
      "code": "en"
    },
    "components": [
      {
        "type": "header",
        "parameters": [
          {
            "type": "image",
            "image": {
              "id": "1377181410901932"
            }
          }
        ]
      }
    ]
  }
}
================================================================================
[2026-05-29T13:25:05.539Z] ✅ Meta response for 9725653603
{
  "messaging_product": "whatsapp",
  "contacts": [
    {
      "input": "9725653603",
      "wa_id": "919725653603"
    }
  ],
  "messages": [
    {
      "id": "wamid.HBgMOTE5NzI1NjUzNjAzFQIAERgSNzYyRDU1RjdBMEQ0RkIzQjc3AA==",
      "message_status": "accepted"
    }
  ]
}
================================================================================
[2026-05-29T13:25:05.627Z] ⏳ Waiting 14 seconds before next customer...
================================================================================
[2026-05-29T13:25:19.637Z] 📦 Processing Batch 2/3 (1 messages)
================================================================================
[2026-05-29T13:25:19.638Z] 📤 Sending to 8401273528
{
  "messaging_product": "whatsapp",
  "to": "8401273528",
  "type": "template",
  "template": {
    "name": "invitation_testing_template",
    "language": {
      "code": "en"
    },
    "components": [
      {
        "type": "header",
        "parameters": [
          {
            "type": "image",
            "image": {
              "id": "1377181410901932"
            }
          }
        ]
      }
    ]
  }
}
================================================================================
[2026-05-29T13:25:20.475Z] ✅ Meta response for 8401273528
{
  "messaging_product": "whatsapp",
  "contacts": [
    {
      "input": "8401273528",
      "wa_id": "918401273528"
    }
  ],
  "messages": [
    {
      "id": "wamid.HBgMOTE4NDAxMjczNTI4FQIAERgSNzFBNjY4M0E4OUE2MEI0ODZGAA==",
      "message_status": "accepted"
    }
  ]
}
================================================================================
[2026-05-29T13:25:20.546Z] ⏳ Waiting 9 seconds before next customer...
================================================================================
[2026-05-29T13:25:29.551Z] 📦 Processing Batch 3/3 (1 messages)
================================================================================
[2026-05-29T13:25:29.552Z] 📤 Sending to 6352272575
{
  "messaging_product": "whatsapp",
  "to": "6352272575",
  "type": "template",
  "template": {
    "name": "invitation_testing_template",
    "language": {
      "code": "en"
    },
    "components": [
      {
        "type": "header",
        "parameters": [
          {
            "type": "image",
            "image": {
              "id": "1377181410901932"
            }
          }
        ]
      }
    ]
  }
}
================================================================================
[2026-05-29T13:25:30.810Z] ✅ Meta response for 6352272575
{
  "messaging_product": "whatsapp",
  "contacts": [
    {
      "input": "6352272575",
      "wa_id": "916352272575"
    }
  ],
  "messages": [
    {
      "id": "wamid.HBgMOTE2MzUyMjcyNTc1FQIAERgSQTNERkFCMjkzOEZGNEVBODg5AA==",
      "message_status": "accepted"
    }
  ]
}
================================================================================
[2026-05-29T13:25:30.871Z] ✅ COMPLETED: Success: 3, Failed: 0, Skipped: 0
================================================================================
